<?xml version="1.0" encoding="UTF-8"?>
<robot generator="Robot 3.2.2 (Python 3.7.3 on win32)" generated="20210610 14:19:20.506" rpa="false">
<suite id="s1" name="Testcase02" source="E:\learnpython\RF_TestCases\testcase02.robot">
<test id="s1-t1" name="testdemo01">
<kw name="Log" library="BuiltIn">
<doc>Logs the given message with the given level.</doc>
<arguments>
<arg>wj</arg>
</arguments>
<msg timestamp="20210610 14:19:21.038" level="INFO">wj</msg>
<status status="PASS" starttime="20210610 14:19:21.038" endtime="20210610 14:19:21.038"></status>
</kw>
<status status="PASS" starttime="20210610 14:19:21.037" endtime="20210610 14:19:21.039" critical="yes"></status>
</test>
<test id="s1-t2" name="testdemo02">
<kw name="Log" library="BuiltIn">
<doc>Logs the given message with the given level.</doc>
<arguments>
<arg>hello</arg>
</arguments>
<msg timestamp="20210610 14:19:21.040" level="INFO">hello</msg>
<status status="PASS" starttime="20210610 14:19:21.040" endtime="20210610 14:19:21.040"></status>
</kw>
<status status="PASS" starttime="20210610 14:19:21.039" endtime="20210610 14:19:21.040" critical="yes"></status>
</test>
<status status="PASS" starttime="20210610 14:19:20.512" endtime="20210610 14:19:21.041"></status>
</suite>
<statistics>
<total>
<stat pass="2" fail="0">Critical Tests</stat>
<stat pass="2" fail="0">All Tests</stat>
</total>
<tag>
</tag>
<suite>
<stat pass="2" fail="0" id="s1" name="Testcase02">Testcase02</stat>
</suite>
</statistics>
<errors>
</errors>
</robot>
